<?xml version="1.0" encoding="UTF-8"?>
<coverage generated="1735502892259" clover="3.2.0">
  <project timestamp="1735502892259" name="All files">
    <metrics statements="86" coveredstatements="85" conditionals="43" coveredconditionals="37" methods="21" coveredmethods="21" elements="150" coveredelements="143" complexity="0" loc="86" ncloc="86" packages="2" files="4" classes="4"/>
    <package name="components">
      <metrics statements="35" coveredstatements="35" conditionals="29" coveredconditionals="24" methods="15" coveredmethods="15"/>
      <file name="CategoryGroup.tsx" path="/Users/fabiencanu/___LABOS/_react/k-stockhome/src/components/CategoryGroup.tsx">
        <metrics statements="9" coveredstatements="9" conditionals="7" coveredconditionals="6" methods="3" coveredmethods="3"/>
        <line num="1" count="1" type="stmt"/>
        <line num="2" count="1" type="stmt"/>
        <line num="4" count="1" type="stmt"/>
        <line num="15" count="1" type="stmt"/>
        <line num="23" count="6" type="stmt"/>
        <line num="25" count="6" type="cond" truecount="1" falsecount="0"/>
        <line num="27" count="5" type="stmt"/>
        <line num="31" count="2" type="stmt"/>
        <line num="51" count="8" type="stmt"/>
      </file>
      <file name="ProductItem.tsx" path="/Users/fabiencanu/___LABOS/_react/k-stockhome/src/components/ProductItem.tsx">
        <metrics statements="26" coveredstatements="26" conditionals="22" coveredconditionals="18" methods="12" coveredmethods="12"/>
        <line num="1" count="2" type="stmt"/>
        <line num="4" count="2" type="stmt"/>
        <line num="5" count="2" type="stmt"/>
        <line num="8" count="2" type="stmt"/>
        <line num="18" count="2" type="stmt"/>
        <line num="19" count="4" type="stmt"/>
        <line num="26" count="4" type="cond" truecount="1" falsecount="1"/>
        <line num="29" count="2" type="stmt"/>
        <line num="36" count="27" type="stmt"/>
        <line num="37" count="27" type="stmt"/>
        <line num="38" count="27" type="stmt"/>
        <line num="41" count="27" type="stmt"/>
        <line num="42" count="16" type="stmt"/>
        <line num="45" count="27" type="stmt"/>
        <line num="46" count="4" type="stmt"/>
        <line num="49" count="27" type="stmt"/>
        <line num="50" count="1" type="stmt"/>
        <line num="51" count="1" type="stmt"/>
        <line num="54" count="27" type="stmt"/>
        <line num="78" count="2" type="stmt"/>
        <line num="90" count="2" type="stmt"/>
        <line num="105" count="3" type="stmt"/>
        <line num="117" count="1" type="stmt"/>
        <line num="126" count="1" type="stmt"/>
        <line num="156" count="8" type="stmt"/>
        <line num="173" count="4" type="stmt"/>
      </file>
    </package>
    <package name="utils">
      <metrics statements="51" coveredstatements="50" conditionals="14" coveredconditionals="13" methods="6" coveredmethods="6"/>
      <file name="categoryUtils.ts" path="/Users/fabiencanu/___LABOS/_react/k-stockhome/src/utils/categoryUtils.ts">
        <metrics statements="19" coveredstatements="18" conditionals="3" coveredconditionals="2" methods="3" coveredmethods="3"/>
        <line num="3" count="1" type="stmt"/>
        <line num="13" count="1" type="stmt"/>
        <line num="14" count="15" type="cond" truecount="1" falsecount="0"/>
        <line num="17" count="14" type="stmt"/>
        <line num="20" count="14" type="stmt"/>
        <line num="22" count="37" type="cond" truecount="0" falsecount="1"/>
        <line num="23" count="0" type="stmt"/>
        <line num="26" count="37" type="stmt"/>
        <line num="27" count="113" type="cond" truecount="1" falsecount="0"/>
        <line num="28" count="12" type="stmt"/>
        <line num="33" count="2" type="stmt"/>
        <line num="36" count="1" type="stmt"/>
        <line num="37" count="3" type="stmt"/>
        <line num="40" count="3" type="stmt"/>
        <line num="41" count="15" type="stmt"/>
        <line num="45" count="3" type="stmt"/>
        <line num="46" count="7" type="stmt"/>
        <line num="47" count="7" type="stmt"/>
        <line num="50" count="3" type="stmt"/>
      </file>
      <file name="productUtils.ts" path="/Users/fabiencanu/___LABOS/_react/k-stockhome/src/utils/productUtils.ts">
        <metrics statements="32" coveredstatements="32" conditionals="11" coveredconditionals="11" methods="3" coveredmethods="3"/>
        <line num="1" count="3" type="stmt"/>
        <line num="19" count="3" type="stmt"/>
        <line num="30" count="3" type="stmt"/>
        <line num="44" count="3" type="stmt"/>
        <line num="46" count="35" type="stmt"/>
        <line num="53" count="35" type="cond" truecount="1" falsecount="0"/>
        <line num="54" count="32" type="stmt"/>
        <line num="57" count="37" type="stmt"/>
        <line num="60" count="32" type="stmt"/>
        <line num="61" count="37" type="stmt"/>
        <line num="62" count="204" type="cond" truecount="1" falsecount="0"/>
        <line num="63" count="30" type="stmt"/>
        <line num="64" count="30" type="stmt"/>
        <line num="70" count="32" type="stmt"/>
        <line num="71" count="37" type="stmt"/>
        <line num="72" count="296" type="cond" truecount="1" falsecount="0"/>
        <line num="73" count="9" type="stmt"/>
        <line num="79" count="32" type="stmt"/>
        <line num="80" count="37" type="stmt"/>
        <line num="81" count="185" type="cond" truecount="1" falsecount="0"/>
        <line num="82" count="1" type="stmt"/>
        <line num="89" count="35" type="cond" truecount="1" falsecount="0"/>
        <line num="90" count="20" type="stmt"/>
        <line num="93" count="39" type="stmt"/>
        <line num="96" count="20" type="stmt"/>
        <line num="97" count="39" type="stmt"/>
        <line num="98" count="312" type="cond" truecount="3" falsecount="0"/>
        <line num="99" count="36" type="stmt"/>
        <line num="102" count="39" type="stmt"/>
        <line num="103" count="195" type="cond" truecount="3" falsecount="0"/>
        <line num="104" count="17" type="stmt"/>
        <line num="110" count="35" type="stmt"/>
      </file>
    </package>
  </project>
</coverage>
