{"/Users/fabiencanu/___LABOS/_react/k-stockhome/src/components/CategoryGroup.tsx": {"path":"/Users/fabiencanu/___LABOS/_react/k-stockhome/src/components/CategoryGroup.tsx","statementMap":{"0":{"start":{"line":15,"column":0},"end":{"line":15,"column":24}},"1":{"start":{"line":1,"column":0},"end":{"line":1,"column":54}},"2":{"start":{"line":2,"column":0},"end":{"line":2,"column":33}},"3":{"start":{"line":4,"column":0},"end":{"line":4,"column":40}},"4":{"start":{"line":23,"column":38},"end":{"line":23,"column":52}},"5":{"start":{"line":25,"column":2},"end":{"line":25,"column":41}},"6":{"start":{"line":25,"column":29},"end":{"line":25,"column":41}},"7":{"start":{"line":27,"column":2},"end":{"line":63,"column":4}},"8":{"start":{"line":31,"column":23},"end":{"line":31,"column":49}},"9":{"start":{"line":51,"column":12},"end":{"line":52,"column":null}}},"fnMap":{"0":{"name":"CategoryGroup","decl":{"start":{"line":15,"column":24},"end":{"line":15,"column":37}},"loc":{"start":{"line":22,"column":21},"end":{"line":64,"column":1}}},"1":{"name":"(anonymous_2)","decl":{"start":{"line":31,"column":17},"end":{"line":31,"column":20}},"loc":{"start":{"line":31,"column":23},"end":{"line":31,"column":49}}},"2":{"name":"(anonymous_3)","decl":{"start":{"line":50,"column":24},"end":{"line":50,"column":25}},"loc":{"start":{"line":51,"column":12},"end":{"line":52,"column":null}}}},"branchMap":{"0":{"loc":{"start":{"line":25,"column":2},"end":{"line":25,"column":41}},"type":"if","locations":[{"start":{"line":25,"column":2},"end":{"line":25,"column":41}}]},"1":{"loc":{"start":{"line":37,"column":38},"end":{"line":37,"column":70}},"type":"cond-expr","locations":[{"start":{"line":37,"column":62},"end":{"line":37,"column":65}},{"start":{"line":37,"column":68},"end":{"line":37,"column":70}}]},"2":{"loc":{"start":{"line":39,"column":11},"end":{"line":42,"column":null}},"type":"cond-expr","locations":[{"start":{"line":40,"column":12},"end":{"line":40,"column":59}},{"start":{"line":42,"column":12},"end":{"line":42,"column":61}}]},"3":{"loc":{"start":{"line":48,"column":7},"end":{"line":60,"column":null}},"type":"binary-expr","locations":[{"start":{"line":48,"column":7},"end":{"line":48,"column":17}},{"start":{"line":49,"column":8},"end":{"line":59,"column":null}}]}},"s":{"0":1,"1":1,"2":1,"3":1,"4":6,"5":6,"6":1,"7":5,"8":2,"9":8},"f":{"0":6,"1":2,"2":8},"b":{"0":[1],"1":[5,0],"2":[4,1],"3":[5,4]}}
,"/Users/fabiencanu/___LABOS/_react/k-stockhome/src/components/ProductItem.tsx": {"path":"/Users/fabiencanu/___LABOS/_react/k-stockhome/src/components/ProductItem.tsx","statementMap":{"0":{"start":{"line":29,"column":0},"end":{"line":29,"column":24}},"1":{"start":{"line":1,"column":0},"end":{"line":1,"column":90}},"2":{"start":{"line":4,"column":0},"end":{"line":4,"column":55}},"3":{"start":{"line":5,"column":0},"end":{"line":5,"column":44}},"4":{"start":{"line":8,"column":28},"end":{"line":8,"column":29}},"5":{"start":{"line":18,"column":27},"end":{"line":27,"column":1}},"6":{"start":{"line":19,"column":17},"end":{"line":25,"column":4}},"7":{"start":{"line":26,"column":2},"end":{"line":26,"column":68}},"8":{"start":{"line":36,"column":38},"end":{"line":36,"column":53}},"9":{"start":{"line":37,"column":52},"end":{"line":37,"column":67}},"10":{"start":{"line":38,"column":22},"end":{"line":38,"column":72}},"11":{"start":{"line":41,"column":2},"end":{"line":43,"column":25}},"12":{"start":{"line":42,"column":4},"end":{"line":42,"column":66}},"13":{"start":{"line":45,"column":31},"end":{"line":47,"column":3}},"14":{"start":{"line":46,"column":4},"end":{"line":46,"column":46}},"15":{"start":{"line":49,"column":34},"end":{"line":52,"column":3}},"16":{"start":{"line":50,"column":4},"end":{"line":50,"column":33}},"17":{"start":{"line":51,"column":4},"end":{"line":51,"column":32}},"18":{"start":{"line":54,"column":2},"end":{"line":215,"column":4}},"19":{"start":{"line":78,"column":29},"end":{"line":78,"column":55}},"20":{"start":{"line":90,"column":29},"end":{"line":90,"column":73}},"21":{"start":{"line":105,"column":29},"end":{"line":105,"column":84}},"22":{"start":{"line":117,"column":29},"end":{"line":117,"column":71}},"23":{"start":{"line":126,"column":27},"end":{"line":126,"column":47}},"24":{"start":{"line":156,"column":18},"end":{"line":157,"column":null}},"25":{"start":{"line":173,"column":18},"end":{"line":174,"column":null}}},"fnMap":{"0":{"name":"(anonymous_0)","decl":{"start":{"line":18,"column":27},"end":{"line":18,"column":28}},"loc":{"start":{"line":18,"column":45},"end":{"line":27,"column":1}}},"1":{"name":"ProductItem","decl":{"start":{"line":29,"column":24},"end":{"line":29,"column":35}},"loc":{"start":{"line":35,"column":19},"end":{"line":216,"column":1}}},"2":{"name":"(anonymous_2)","decl":{"start":{"line":41,"column":12},"end":{"line":41,"column":15}},"loc":{"start":{"line":41,"column":17},"end":{"line":43,"column":3}}},"3":{"name":"(anonymous_3)","decl":{"start":{"line":45,"column":31},"end":{"line":45,"column":32}},"loc":{"start":{"line":45,"column":55},"end":{"line":47,"column":3}}},"4":{"name":"(anonymous_4)","decl":{"start":{"line":49,"column":34},"end":{"line":49,"column":37}},"loc":{"start":{"line":49,"column":39},"end":{"line":52,"column":3}}},"5":{"name":"(anonymous_5)","decl":{"start":{"line":78,"column":23},"end":{"line":78,"column":26}},"loc":{"start":{"line":78,"column":29},"end":{"line":78,"column":55}}},"6":{"name":"(anonymous_6)","decl":{"start":{"line":90,"column":22},"end":{"line":90,"column":23}},"loc":{"start":{"line":90,"column":29},"end":{"line":90,"column":73}}},"7":{"name":"(anonymous_7)","decl":{"start":{"line":105,"column":23},"end":{"line":105,"column":26}},"loc":{"start":{"line":105,"column":29},"end":{"line":105,"column":84}}},"8":{"name":"(anonymous_8)","decl":{"start":{"line":117,"column":23},"end":{"line":117,"column":26}},"loc":{"start":{"line":117,"column":29},"end":{"line":117,"column":71}}},"9":{"name":"(anonymous_9)","decl":{"start":{"line":126,"column":21},"end":{"line":126,"column":24}},"loc":{"start":{"line":126,"column":27},"end":{"line":126,"column":47}}},"10":{"name":"(anonymous_10)","decl":{"start":{"line":155,"column":42},"end":{"line":155,"column":43}},"loc":{"start":{"line":156,"column":18},"end":{"line":157,"column":null}}},"11":{"name":"(anonymous_11)","decl":{"start":{"line":172,"column":43},"end":{"line":172,"column":44}},"loc":{"start":{"line":173,"column":18},"end":{"line":174,"column":null}}}},"branchMap":{"0":{"loc":{"start":{"line":26,"column":9},"end":{"line":26,"column":67}},"type":"binary-expr","locations":[{"start":{"line":26,"column":9},"end":{"line":26,"column":36}},{"start":{"line":26,"column":40},"end":{"line":26,"column":67}}]},"1":{"loc":{"start":{"line":57,"column":7},"end":{"line":69,"column":null}},"type":"binary-expr","locations":[{"start":{"line":57,"column":7},"end":{"line":57,"column":24}},{"start":{"line":58,"column":8},"end":{"line":68,"column":null}}]},"2":{"loc":{"start":{"line":80,"column":26},"end":{"line":80,"column":85}},"type":"cond-expr","locations":[{"start":{"line":80,"column":39},"end":{"line":80,"column":60}},{"start":{"line":80,"column":63},"end":{"line":80,"column":85}}]},"3":{"loc":{"start":{"line":82,"column":15},"end":{"line":82,"column":99}},"type":"cond-expr","locations":[{"start":{"line":82,"column":28},"end":{"line":82,"column":61}},{"start":{"line":82,"column":64},"end":{"line":82,"column":99}}]},"4":{"loc":{"start":{"line":86,"column":13},"end":{"line":86,"column":94}},"type":"binary-expr","locations":[{"start":{"line":86,"column":13},"end":{"line":86,"column":31}},{"start":{"line":86,"column":36},"end":{"line":86,"column":93}}]},"5":{"loc":{"start":{"line":86,"column":36},"end":{"line":86,"column":93}},"type":"cond-expr","locations":[{"start":{"line":86,"column":69},"end":{"line":86,"column":78}},{"start":{"line":86,"column":81},"end":{"line":86,"column":93}}]},"6":{"loc":{"start":{"line":136,"column":7},"end":{"line":212,"column":null}},"type":"binary-expr","locations":[{"start":{"line":136,"column":7},"end":{"line":136,"column":17}},{"start":{"line":137,"column":8},"end":{"line":211,"column":null}}]},"7":{"loc":{"start":{"line":139,"column":11},"end":{"line":147,"column":null}},"type":"binary-expr","locations":[{"start":{"line":139,"column":11},"end":{"line":139,"column":29}},{"start":{"line":140,"column":12},"end":{"line":146,"column":null}}]},"8":{"loc":{"start":{"line":151,"column":11},"end":{"line":164,"column":null}},"type":"binary-expr","locations":[{"start":{"line":151,"column":11},"end":{"line":151,"column":42}},{"start":{"line":152,"column":12},"end":{"line":163,"column":null}}]},"9":{"loc":{"start":{"line":168,"column":11},"end":{"line":181,"column":null}},"type":"binary-expr","locations":[{"start":{"line":168,"column":11},"end":{"line":168,"column":43}},{"start":{"line":169,"column":12},"end":{"line":180,"column":null}}]},"10":{"loc":{"start":{"line":185,"column":11},"end":{"line":210,"column":null}},"type":"binary-expr","locations":[{"start":{"line":185,"column":11},"end":{"line":185,"column":29}},{"start":{"line":186,"column":12},"end":{"line":209,"column":null}}]}},"s":{"0":2,"1":2,"2":2,"3":2,"4":2,"5":2,"6":4,"7":4,"8":27,"9":27,"10":27,"11":27,"12":16,"13":27,"14":4,"15":27,"16":1,"17":1,"18":27,"19":2,"20":2,"21":3,"22":1,"23":1,"24":8,"25":4},"f":{"0":4,"1":27,"2":16,"3":4,"4":1,"5":2,"6":2,"7":3,"8":1,"9":1,"10":8,"11":4},"b":{"0":[4,0],"1":[27,6],"2":[4,23],"3":[4,23],"4":[27,0],"5":[0,0],"6":[27,4],"7":[4,4],"8":[4,4],"9":[4,4],"10":[4,4]}}
,"/Users/fabiencanu/___LABOS/_react/k-stockhome/src/utils/categoryUtils.ts": {"path":"/Users/fabiencanu/___LABOS/_react/k-stockhome/src/utils/categoryUtils.ts","statementMap":{"0":{"start":{"line":13,"column":0},"end":{"line":13,"column":16}},"1":{"start":{"line":36,"column":0},"end":{"line":36,"column":16}},"2":{"start":{"line":3,"column":13},"end":{"line":9,"column":11}},"3":{"start":{"line":14,"column":2},"end":{"line":14,"column":33}},"4":{"start":{"line":14,"column":17},"end":{"line":14,"column":33}},"5":{"start":{"line":17,"column":24},"end":{"line":17,"column":46}},"6":{"start":{"line":20,"column":2},"end":{"line":31,"column":3}},"7":{"start":{"line":22,"column":4},"end":{"line":24,"column":5}},"8":{"start":{"line":23,"column":6},"end":{"line":23,"column":37}},"9":{"start":{"line":26,"column":4},"end":{"line":30,"column":5}},"10":{"start":{"line":27,"column":6},"end":{"line":29,"column":7}},"11":{"start":{"line":28,"column":8},"end":{"line":28,"column":39}},"12":{"start":{"line":33,"column":2},"end":{"line":33,"column":18}},"13":{"start":{"line":37,"column":18},"end":{"line":37,"column":55}},"14":{"start":{"line":40,"column":2},"end":{"line":42,"column":3}},"15":{"start":{"line":41,"column":4},"end":{"line":41,"column":42}},"16":{"start":{"line":45,"column":2},"end":{"line":48,"column":5}},"17":{"start":{"line":46,"column":25},"end":{"line":46,"column":60}},"18":{"start":{"line":47,"column":4},"end":{"line":47,"column":40}},"19":{"start":{"line":50,"column":2},"end":{"line":50,"column":17}}},"fnMap":{"0":{"name":"getMainCategory","decl":{"start":{"line":13,"column":16},"end":{"line":13,"column":31}},"loc":{"start":{"line":13,"column":49},"end":{"line":34,"column":1}}},"1":{"name":"groupProductsByCategory","decl":{"start":{"line":36,"column":16},"end":{"line":36,"column":39}},"loc":{"start":{"line":36,"column":59},"end":{"line":51,"column":1}}},"2":{"name":"(anonymous_2)","decl":{"start":{"line":45,"column":19},"end":{"line":45,"column":26}},"loc":{"start":{"line":45,"column":29},"end":{"line":48,"column":3}}}},"branchMap":{"0":{"loc":{"start":{"line":14,"column":2},"end":{"line":14,"column":33}},"type":"if","locations":[{"start":{"line":14,"column":2},"end":{"line":14,"column":33}}]},"1":{"loc":{"start":{"line":22,"column":4},"end":{"line":24,"column":5}},"type":"if","locations":[{"start":{"line":22,"column":4},"end":{"line":24,"column":5}}]},"2":{"loc":{"start":{"line":27,"column":6},"end":{"line":29,"column":7}},"type":"if","locations":[{"start":{"line":27,"column":6},"end":{"line":29,"column":7}}]}},"s":{"0":1,"1":1,"2":1,"3":15,"4":1,"5":14,"6":14,"7":37,"8":0,"9":37,"10":113,"11":12,"12":2,"13":3,"14":3,"15":15,"16":3,"17":7,"18":7,"19":3},"f":{"0":15,"1":3,"2":7},"b":{"0":[1],"1":[0],"2":[12]}}
,"/Users/fabiencanu/___LABOS/_react/k-stockhome/src/utils/productUtils.ts": {"path":"/Users/fabiencanu/___LABOS/_react/k-stockhome/src/utils/productUtils.ts","statementMap":{"0":{"start":{"line":1,"column":13},"end":{"line":17,"column":2}},"1":{"start":{"line":19,"column":13},"end":{"line":28,"column":2}},"2":{"start":{"line":30,"column":13},"end":{"line":36,"column":2}},"3":{"start":{"line":44,"column":30},"end":{"line":111,"column":1}},"4":{"start":{"line":46,"column":35},"end":{"line":50,"column":4}},"5":{"start":{"line":53,"column":2},"end":{"line":86,"column":3}},"6":{"start":{"line":54,"column":27},"end":{"line":57,"column":59}},"7":{"start":{"line":57,"column":29},"end":{"line":57,"column":58}},"8":{"start":{"line":60,"column":6},"end":{"line":67,"column":7}},"9":{"start":{"line":61,"column":10},"end":{"line":66,"column":11}},"10":{"start":{"line":62,"column":14},"end":{"line":65,"column":15}},"11":{"start":{"line":63,"column":18},"end":{"line":63,"column":50}},"12":{"start":{"line":64,"column":18},"end":{"line":64,"column":24}},"13":{"start":{"line":70,"column":6},"end":{"line":76,"column":7}},"14":{"start":{"line":71,"column":10},"end":{"line":75,"column":11}},"15":{"start":{"line":72,"column":14},"end":{"line":74,"column":15}},"16":{"start":{"line":73,"column":18},"end":{"line":73,"column":54}},"17":{"start":{"line":79,"column":6},"end":{"line":85,"column":7}},"18":{"start":{"line":80,"column":10},"end":{"line":84,"column":11}},"19":{"start":{"line":81,"column":14},"end":{"line":83,"column":15}},"20":{"start":{"line":82,"column":18},"end":{"line":82,"column":59}},"21":{"start":{"line":89,"column":2},"end":{"line":108,"column":3}},"22":{"start":{"line":90,"column":24},"end":{"line":93,"column":53}},"23":{"start":{"line":93,"column":26},"end":{"line":93,"column":52}},"24":{"start":{"line":96,"column":6},"end":{"line":107,"column":7}},"25":{"start":{"line":97,"column":10},"end":{"line":101,"column":11}},"26":{"start":{"line":98,"column":14},"end":{"line":100,"column":15}},"27":{"start":{"line":99,"column":18},"end":{"line":99,"column":54}},"28":{"start":{"line":102,"column":10},"end":{"line":106,"column":11}},"29":{"start":{"line":103,"column":14},"end":{"line":105,"column":15}},"30":{"start":{"line":104,"column":18},"end":{"line":104,"column":59}},"31":{"start":{"line":110,"column":2},"end":{"line":110,"column":21}},"32":{"start":{"line":44,"column":13},"end":{"line":44,"column":30}}},"fnMap":{"0":{"name":"(anonymous_0)","decl":{"start":{"line":44,"column":30},"end":{"line":44,"column":31}},"loc":{"start":{"line":44,"column":84},"end":{"line":111,"column":1}}},"1":{"name":"(anonymous_1)","decl":{"start":{"line":57,"column":15},"end":{"line":57,"column":16}},"loc":{"start":{"line":57,"column":29},"end":{"line":57,"column":58}}},"2":{"name":"(anonymous_2)","decl":{"start":{"line":93,"column":15},"end":{"line":93,"column":16}},"loc":{"start":{"line":93,"column":26},"end":{"line":93,"column":52}}}},"branchMap":{"0":{"loc":{"start":{"line":53,"column":2},"end":{"line":86,"column":3}},"type":"if","locations":[{"start":{"line":53,"column":2},"end":{"line":86,"column":3}}]},"1":{"loc":{"start":{"line":62,"column":14},"end":{"line":65,"column":15}},"type":"if","locations":[{"start":{"line":62,"column":14},"end":{"line":65,"column":15}}]},"2":{"loc":{"start":{"line":72,"column":14},"end":{"line":74,"column":15}},"type":"if","locations":[{"start":{"line":72,"column":14},"end":{"line":74,"column":15}}]},"3":{"loc":{"start":{"line":81,"column":14},"end":{"line":83,"column":15}},"type":"if","locations":[{"start":{"line":81,"column":14},"end":{"line":83,"column":15}}]},"4":{"loc":{"start":{"line":89,"column":2},"end":{"line":108,"column":3}},"type":"if","locations":[{"start":{"line":89,"column":2},"end":{"line":108,"column":3}}]},"5":{"loc":{"start":{"line":98,"column":14},"end":{"line":100,"column":15}},"type":"if","locations":[{"start":{"line":98,"column":14},"end":{"line":100,"column":15}}]},"6":{"loc":{"start":{"line":98,"column":18},"end":{"line":98,"column":85}},"type":"binary-expr","locations":[{"start":{"line":98,"column":18},"end":{"line":98,"column":41}},{"start":{"line":98,"column":45},"end":{"line":98,"column":85}}]},"7":{"loc":{"start":{"line":103,"column":14},"end":{"line":105,"column":15}},"type":"if","locations":[{"start":{"line":103,"column":14},"end":{"line":105,"column":15}}]},"8":{"loc":{"start":{"line":103,"column":18},"end":{"line":103,"column":90}},"type":"binary-expr","locations":[{"start":{"line":103,"column":18},"end":{"line":103,"column":41}},{"start":{"line":103,"column":45},"end":{"line":103,"column":90}}]}},"s":{"0":3,"1":3,"2":3,"3":3,"4":35,"5":35,"6":32,"7":37,"8":32,"9":37,"10":204,"11":30,"12":30,"13":32,"14":37,"15":296,"16":9,"17":32,"18":37,"19":185,"20":1,"21":35,"22":20,"23":39,"24":20,"25":39,"26":312,"27":36,"28":39,"29":195,"30":17,"31":35,"32":3},"f":{"0":35,"1":37,"2":39},"b":{"0":[32],"1":[30],"2":[9],"3":[1],"4":[20],"5":[36],"6":[312,37],"7":[17],"8":[195,17]}}
}
