TN:
SF:src/components/CategoryGroup.tsx
FN:15,CategoryGroup
FN:31,(anonymous_2)
FN:50,(anonymous_3)
FNF:3
FNH:3
FNDA:6,CategoryGroup
FNDA:2,(anonymous_2)
FNDA:8,(anonymous_3)
DA:1,1
DA:2,1
DA:4,1
DA:15,1
DA:23,6
DA:25,6
DA:27,5
DA:31,2
DA:51,8
LF:9
LH:9
BRDA:25,0,0,1
BRDA:37,1,0,5
BRDA:37,1,1,0
BRDA:39,2,0,4
BRDA:39,2,1,1
BRDA:48,3,0,5
BRDA:48,3,1,4
BRF:7
BRH:6
end_of_record
TN:
SF:src/components/ProductItem.tsx
FN:18,(anonymous_0)
FN:29,ProductItem
FN:41,(anonymous_2)
FN:45,(anonymous_3)
FN:49,(anonymous_4)
FN:78,(anonymous_5)
FN:90,(anonymous_6)
FN:105,(anonymous_7)
FN:117,(anonymous_8)
FN:126,(anonymous_9)
FN:155,(anonymous_10)
FN:172,(anonymous_11)
FNF:12
FNH:12
FNDA:4,(anonymous_0)
FNDA:27,ProductItem
FNDA:16,(anonymous_2)
FNDA:4,(anonymous_3)
FNDA:1,(anonymous_4)
FNDA:2,(anonymous_5)
FNDA:2,(anonymous_6)
FNDA:3,(anonymous_7)
FNDA:1,(anonymous_8)
FNDA:1,(anonymous_9)
FNDA:8,(anonymous_10)
FNDA:4,(anonymous_11)
DA:1,2
DA:4,2
DA:5,2
DA:8,2
DA:18,2
DA:19,4
DA:26,4
DA:29,2
DA:36,27
DA:37,27
DA:38,27
DA:41,27
DA:42,16
DA:45,27
DA:46,4
DA:49,27
DA:50,1
DA:51,1
DA:54,27
DA:78,2
DA:90,2
DA:105,3
DA:117,1
DA:126,1
DA:156,8
DA:173,4
LF:26
LH:26
BRDA:26,0,0,4
BRDA:26,0,1,0
BRDA:57,1,0,27
BRDA:57,1,1,6
BRDA:80,2,0,4
BRDA:80,2,1,23
BRDA:82,3,0,4
BRDA:82,3,1,23
BRDA:86,4,0,27
BRDA:86,4,1,0
BRDA:86,5,0,0
BRDA:86,5,1,0
BRDA:136,6,0,27
BRDA:136,6,1,4
BRDA:139,7,0,4
BRDA:139,7,1,4
BRDA:151,8,0,4
BRDA:151,8,1,4
BRDA:168,9,0,4
BRDA:168,9,1,4
BRDA:185,10,0,4
BRDA:185,10,1,4
BRF:22
BRH:18
end_of_record
TN:
SF:src/utils/categoryUtils.ts
FN:13,getMainCategory
FN:36,groupProductsByCategory
FN:45,(anonymous_2)
FNF:3
FNH:3
FNDA:15,getMainCategory
FNDA:3,groupProductsByCategory
FNDA:7,(anonymous_2)
DA:3,1
DA:13,1
DA:14,15
DA:17,14
DA:20,14
DA:22,37
DA:23,0
DA:26,37
DA:27,113
DA:28,12
DA:33,2
DA:36,1
DA:37,3
DA:40,3
DA:41,15
DA:45,3
DA:46,7
DA:47,7
DA:50,3
LF:19
LH:18
BRDA:14,0,0,1
BRDA:22,1,0,0
BRDA:27,2,0,12
BRF:3
BRH:2
end_of_record
TN:
SF:src/utils/productUtils.ts
FN:44,(anonymous_0)
FN:57,(anonymous_1)
FN:93,(anonymous_2)
FNF:3
FNH:3
FNDA:35,(anonymous_0)
FNDA:37,(anonymous_1)
FNDA:39,(anonymous_2)
DA:1,3
DA:19,3
DA:30,3
DA:44,3
DA:46,35
DA:53,35
DA:54,32
DA:57,37
DA:60,32
DA:61,37
DA:62,204
DA:63,30
DA:64,30
DA:70,32
DA:71,37
DA:72,296
DA:73,9
DA:79,32
DA:80,37
DA:81,185
DA:82,1
DA:89,35
DA:90,20
DA:93,39
DA:96,20
DA:97,39
DA:98,312
DA:99,36
DA:102,39
DA:103,195
DA:104,17
DA:110,35
LF:32
LH:32
BRDA:53,0,0,32
BRDA:62,1,0,30
BRDA:72,2,0,9
BRDA:81,3,0,1
BRDA:89,4,0,20
BRDA:98,5,0,36
BRDA:98,6,0,312
BRDA:98,6,1,37
BRDA:103,7,0,17
BRDA:103,8,0,195
BRDA:103,8,1,17
BRF:11
BRH:11
end_of_record
